<?xml version="1.0" encoding="UTF-8"?>
<!-- Generated by org.testng.reporters.JUnitReportReporter -->
<testsuite skipped="0" hostname="LAPTOP-U5SVHL4E" name="runner.TestRunner" tests="1" failures="0" timestamp="13 May 2020 02:55:51 GMT" time="71.391" errors="0">
  <testcase name="feature" time="71.391" classname="runner.TestRunner"/>
</testsuite> <!-- runner.TestRunner -->
